c:\users\43587\desktop\code\air_monitor\project1\project1\debug\vc140.pdb
c:\users\43587\desktop\code\air_monitor\project1\project1\debug\vc140.idb
c:\users\43587\desktop\code\air_monitor\project1\project1\debug\main.obj
c:\users\43587\desktop\code\air_monitor\project1\debug\project1.pdb
c:\users\43587\desktop\code\air_monitor\project1\project1\debug\project1.tlog\cl.command.1.tlog
c:\users\43587\desktop\code\air_monitor\project1\project1\debug\project1.tlog\cl.read.1.tlog
c:\users\43587\desktop\code\air_monitor\project1\project1\debug\project1.tlog\cl.write.1.tlog
c:\users\43587\desktop\code\air_monitor\project1\project1\debug\project1.tlog\link-cvtres.read.1.tlog
c:\users\43587\desktop\code\air_monitor\project1\project1\debug\project1.tlog\link-cvtres.write.1.tlog
c:\users\43587\desktop\code\air_monitor\project1\project1\debug\project1.tlog\link-rc.read.1.tlog
c:\users\43587\desktop\code\air_monitor\project1\project1\debug\project1.tlog\link-rc.write.1.tlog
c:\users\43587\desktop\code\air_monitor\project1\project1\debug\project1.tlog\link.17220-cvtres.read.1.tlog
c:\users\43587\desktop\code\air_monitor\project1\project1\debug\project1.tlog\link.17220-cvtres.write.1.tlog
c:\users\43587\desktop\code\air_monitor\project1\project1\debug\project1.tlog\link.17220-rc.read.1.tlog
c:\users\43587\desktop\code\air_monitor\project1\project1\debug\project1.tlog\link.17220-rc.write.1.tlog
c:\users\43587\desktop\code\air_monitor\project1\project1\debug\project1.tlog\link.17220.read.1.tlog
c:\users\43587\desktop\code\air_monitor\project1\project1\debug\project1.tlog\link.17220.write.1.tlog
c:\users\43587\desktop\code\air_monitor\project1\project1\debug\project1.tlog\link.command.1.tlog
c:\users\43587\desktop\code\air_monitor\project1\project1\debug\project1.tlog\link.read.1.tlog
c:\users\43587\desktop\code\air_monitor\project1\project1\debug\project1.tlog\link.write.1.tlog
